{
"/home/abner/git/factories/src/ts/smartFactory.ts":{"path":"/home/abner/git/factories/src/ts/smartFactory.ts","statementMap":{"1":{"start":{"line":7,"column":0},"end":{"line":9,"column":1}},"2":{"start":{"line":8,"column":4},"end":{"line":8,"column":24}},"3":{"start":{"line":11,"column":0},"end":{"line":91,"column":28}},"4":{"start":{"line":14,"column":2},"end":{"line":77,"column":3}},"5":{"start":{"line":22,"column":18},"end":{"line":26,"column":5}},"6":{"start":{"line":23,"column":6},"end":{"line":23,"column":54}},"7":{"start":{"line":24,"column":6},"end":{"line":24,"column":82}},"8":{"start":{"line":25,"column":6},"end":{"line":25,"column":17}},"9":{"start":{"line":28,"column":18},"end":{"line":30,"column":5}},"10":{"start":{"line":29,"column":6},"end":{"line":29,"column":59}},"11":{"start":{"line":32,"column":18},"end":{"line":34,"column":5}},"12":{"start":{"line":33,"column":6},"end":{"line":33,"column":65}},"13":{"start":{"line":36,"column":18},"end":{"line":38,"column":5}},"14":{"start":{"line":37,"column":6},"end":{"line":37,"column":58}},"15":{"start":{"line":40,"column":18},"end":{"line":42,"column":5}},"16":{"start":{"line":41,"column":6},"end":{"line":41,"column":43}},"17":{"start":{"line":44,"column":18},"end":{"line":46,"column":5}},"18":{"start":{"line":45,"column":6},"end":{"line":45,"column":39}},"19":{"start":{"line":48,"column":18},"end":{"line":54,"column":5}},"20":{"start":{"line":49,"column":6},"end":{"line":53,"column":7}},"21":{"start":{"line":50,"column":8},"end":{"line":50,"column":77}},"22":{"start":{"line":52,"column":8},"end":{"line":52,"column":93}},"23":{"start":{"line":56,"column":4},"end":{"line":64,"column":5}},"24":{"start":{"line":57,"column":6},"end":{"line":61,"column":7}},"25":{"start":{"line":58,"column":8},"end":{"line":58,"column":119}},"26":{"start":{"line":60,"column":8},"end":{"line":60,"column":116}},"27":{"start":{"line":63,"column":6},"end":{"line":63,"column":18}},"28":{"start":{"line":66,"column":4},"end":{"line":75,"column":5}},"29":{"start":{"line":67,"column":6},"end":{"line":73,"column":7}},"30":{"start":{"line":68,"column":8},"end":{"line":68,"column":95}},"31":{"start":{"line":69,"column":13},"end":{"line":73,"column":7}},"32":{"start":{"line":70,"column":8},"end":{"line":70,"column":116}},"33":{"start":{"line":72,"column":8},"end":{"line":72,"column":126}},"34":{"start":{"line":74,"column":6},"end":{"line":74,"column":18}},"35":{"start":{"line":15,"column":11},"end":{"line":15,"column":39}},"36":{"start":{"line":16,"column":11},"end":{"line":16,"column":30}},"37":{"start":{"line":77,"column":2},"end":{"line":77,"column":3}},"38":{"start":{"line":79,"column":2},"end":{"line":87,"column":3}},"39":{"start":{"line":81,"column":4},"end":{"line":83,"column":5}},"40":{"start":{"line":82,"column":6},"end":{"line":82,"column":28}},"41":{"start":{"line":87,"column":2},"end":{"line":87,"column":3}},"42":{"start":{"line":89,"column":2},"end":{"line":89,"column":76}}},"fnMap":{"1":{"name":"(anonymous_1)","line":11,"loc":{"start":{"line":11,"column":1},"end":{"line":11,"column":67}}},"2":{"name":"(anonymous_2)","line":14,"loc":{"start":{"line":14,"column":2},"end":{"line":null,"column":-1}}},"3":{"name":"(anonymous_4)","line":22,"loc":{"start":{"line":22,"column":4},"end":{"line":22,"column":61}}},"4":{"name":"(anonymous_5)","line":28,"loc":{"start":{"line":28,"column":4},"end":{"line":28,"column":74}}},"5":{"name":"(anonymous_6)","line":32,"loc":{"start":{"line":32,"column":4},"end":{"line":32,"column":92}}},"6":{"name":"(anonymous_7)","line":36,"loc":{"start":{"line":36,"column":4},"end":{"line":36,"column":65}}},"7":{"name":"(anonymous_8)","line":40,"loc":{"start":{"line":40,"column":4},"end":{"line":40,"column":41}}},"8":{"name":"(anonymous_9)","line":44,"loc":{"start":{"line":44,"column":4},"end":{"line":44,"column":37}}},"9":{"name":"(anonymous_10)","line":48,"loc":{"start":{"line":48,"column":4},"end":{"line":48,"column":33}}},"10":{"name":"(anonymous_11)","line":56,"loc":{"start":{"line":56,"column":4},"end":{"line":56,"column":71}}},"11":{"name":"(anonymous_12)","line":66,"loc":{"start":{"line":66,"column":4},"end":{"line":66,"column":70}}},"12":{"name":"(anonymous_13)","line":79,"loc":{"start":{"line":79,"column":2},"end":{"line":null,"column":-1}}},"13":{"name":"ServiceConstructor","line":81,"loc":{"start":{"line":81,"column":4},"end":{"line":null,"column":-1}}}},"branchMap":{"1":{"line":7,"type":"if","locations":[{"start":{"line":7,"column":0},"end":{"line":7,"column":-1}},{"start":{"line":7,"column":0},"end":{"line":7,"column":-1}}]},"2":{"line":49,"type":"if","locations":[{"start":{"line":49,"column":6},"end":{"line":49,"column":5}},{"start":{"line":49,"column":6},"end":{"line":49,"column":5}}]},"3":{"line":49,"type":"binary-expr","locations":[{"start":{"line":49,"column":16},"end":{"line":49,"column":44}},{"start":{"line":49,"column":57},"end":{"line":49,"column":72}}]},"4":{"line":57,"type":"if","locations":[{"start":{"line":57,"column":6},"end":{"line":57,"column":5}},{"start":{"line":57,"column":6},"end":{"line":57,"column":5}}]},"5":{"line":57,"type":"binary-expr","locations":[{"start":{"line":57,"column":9},"end":{"line":57,"column":28}},{"start":{"line":57,"column":32},"end":{"line":57,"column":73}}]},"6":{"line":67,"type":"if","locations":[{"start":{"line":67,"column":6},"end":{"line":67,"column":5}},{"start":{"line":67,"column":6},"end":{"line":67,"column":5}}]},"7":{"line":67,"type":"binary-expr","locations":[{"start":{"line":67,"column":10},"end":{"line":67,"column":36}},{"start":{"line":67,"column":40},"end":{"line":67,"column":61}}]},"8":{"line":69,"type":"if","locations":[{"start":{"line":69,"column":13},"end":{"line":69,"column":12}},{"start":{"line":69,"column":13},"end":{"line":69,"column":12}}]},"9":{"line":70,"type":"binary-expr","locations":[{"start":{"line":70,"column":99},"end":{"line":70,"column":106}},{"start":{"line":70,"column":110},"end":{"line":70,"column":114}}]},"10":{"line":72,"type":"binary-expr","locations":[{"start":{"line":72,"column":109},"end":{"line":72,"column":116}},{"start":{"line":72,"column":120},"end":{"line":72,"column":124}}]}},"s":{"1":1,"2":0,"3":1,"4":2,"5":1,"6":4,"7":4,"8":4,"9":1,"10":2,"11":1,"12":0,"13":1,"14":0,"15":1,"16":0,"17":1,"18":0,"19":1,"20":1,"21":1,"22":0,"23":1,"24":4,"25":3,"26":1,"27":4,"28":1,"29":3,"30":3,"31":0,"32":0,"33":0,"34":3,"35":1,"36":1,"37":1,"38":1,"39":1,"40":3,"41":1,"42":1},"b":{"1":[0,1],"2":[1,0],"3":[1,1],"4":[3,1],"5":[4,4],"6":[3,0],"7":[3,3],"8":[0,0],"9":[0,0],"10":[0,0]},"f":{"1":1,"2":5,"3":4,"4":2,"5":0,"6":0,"7":0,"8":0,"9":1,"10":4,"11":3,"12":1,"13":3},"l":{"7":1,"8":0,"11":1,"14":2,"15":1,"16":1,"22":1,"23":4,"24":4,"25":4,"28":1,"29":2,"32":1,"33":0,"36":1,"37":0,"40":1,"41":0,"44":1,"45":0,"48":1,"49":1,"50":1,"52":0,"56":1,"57":4,"58":3,"60":1,"63":4,"66":1,"67":3,"68":3,"69":0,"70":0,"72":0,"74":3,"77":1,"79":1,"81":1,"82":3,"87":1,"89":1}},
"/home/abner/git/factories/src/ts/smartFactoryConfig.ts":{"path":"/home/abner/git/factories/src/ts/smartFactoryConfig.ts","statementMap":{"1":{"start":{"line":1,"column":0},"end":{"line":14,"column":1}},"2":{"start":{"line":2,"column":2},"end":{"line":13,"column":4}},"3":{"start":{"line":3,"column":43},"end":{"line":3,"column":86}},"4":{"start":{"line":5,"column":43},"end":{"line":12,"column":6}},"5":{"start":{"line":7,"column":8},"end":{"line":7,"column":81}},"6":{"start":{"line":10,"column":8},"end":{"line":10,"column":71}}},"fnMap":{"1":{"name":"smartFactoryConfig","line":1,"loc":{"start":{"line":1,"column":0},"end":{"line":1,"column":47}}},"2":{"name":"(anonymous_2)","line":2,"loc":{"start":{"line":2,"column":9},"end":{"line":2,"column":21}}},"3":{"name":"(anonymous_3)","line":6,"loc":{"start":{"line":6,"column":12},"end":{"line":6,"column":55}}},"4":{"name":"(anonymous_4)","line":9,"loc":{"start":{"line":9,"column":13},"end":{"line":9,"column":42}}}},"branchMap":{},"s":{"1":1,"2":1,"3":1,"4":1,"5":0,"6":1},"b":{},"f":{"1":1,"2":1,"3":0,"4":1},"l":{"1":1,"2":1,"3":1,"5":1,"7":0,"10":1}},
"/home/abner/git/factories/src/ts/smartFactory.spec.ts":{"path":"/home/abner/git/factories/src/ts/smartFactory.spec.ts","statementMap":{"1":{"start":{"line":8,"column":0},"end":{"line":11,"column":1}},"2":{"start":{"line":10,"column":2},"end":{"line":10,"column":22}},"3":{"start":{"line":16,"column":0},"end":{"line":52,"column":3}},"4":{"start":{"line":21,"column":2},"end":{"line":21,"column":57}},"5":{"start":{"line":22,"column":2},"end":{"line":22,"column":58}},"6":{"start":{"line":25,"column":2},"end":{"line":25,"column":50}},"7":{"start":{"line":27,"column":2},"end":{"line":30,"column":6}},"8":{"start":{"line":28,"column":4},"end":{"line":28,"column":31}},"9":{"start":{"line":29,"column":4},"end":{"line":29,"column":116}},"10":{"start":{"line":29,"column":84},"end":{"line":29,"column":113}},"11":{"start":{"line":34,"column":2},"end":{"line":37,"column":3}},"12":{"start":{"line":37,"column":2},"end":{"line":37,"column":3}},"13":{"start":{"line":39,"column":2},"end":{"line":42,"column":5}},"14":{"start":{"line":40,"column":4},"end":{"line":40,"column":61}},"15":{"start":{"line":41,"column":4},"end":{"line":41,"column":73}},"16":{"start":{"line":44,"column":2},"end":{"line":46,"column":5}},"17":{"start":{"line":45,"column":4},"end":{"line":45,"column":59}},"18":{"start":{"line":49,"column":2},"end":{"line":51,"column":5}},"19":{"start":{"line":50,"column":4},"end":{"line":50,"column":72}}},"fnMap":{"1":{"name":"(anonymous_6)","line":16,"loc":{"start":{"line":16,"column":25},"end":{"line":null,"column":-1}}},"2":{"name":"(anonymous_7)","line":27,"loc":{"start":{"line":27,"column":20},"end":{"line":27,"column":66}}},"3":{"name":"(anonymous_8)","line":29,"loc":{"start":{"line":29,"column":69},"end":{"line":29,"column":78}}},"4":{"name":"(anonymous_9)","line":34,"loc":{"start":{"line":34,"column":2},"end":{"line":null,"column":-1}}},"5":{"name":"(anonymous_11)","line":39,"loc":{"start":{"line":39,"column":72},"end":{"line":null,"column":-1}}},"6":{"name":"(anonymous_12)","line":44,"loc":{"start":{"line":44,"column":24},"end":{"line":null,"column":-1}}},"7":{"name":"(anonymous_13)","line":49,"loc":{"start":{"line":49,"column":47},"end":{"line":null,"column":-1}}}},"branchMap":{"1":{"line":8,"type":"if","locations":[{"start":{"line":8,"column":0},"end":{"line":8,"column":-1}},{"start":{"line":8,"column":0},"end":{"line":8,"column":-1}}]}},"s":{"1":1,"2":0,"3":1,"4":1,"5":1,"6":1,"7":1,"8":3,"9":3,"10":2,"11":3,"12":1,"13":1,"14":1,"15":1,"16":1,"17":1,"18":1,"19":1},"b":{"1":[0,1]},"f":{"1":1,"2":3,"3":2,"4":1,"5":1,"6":1,"7":1},"l":{"8":1,"10":0,"16":1,"21":1,"22":1,"25":1,"27":1,"28":3,"29":3,"34":3,"37":1,"39":1,"40":1,"41":1,"44":1,"45":1,"49":1,"50":1}}}
